<?xml version="1.0" encoding="UTF-8"?>
<!-- Generated by org.testng.reporters.JUnitReportReporter -->
<testsuite hostname="sravs" failures="0" tests="2" name="StepDefination.MakeMyTripPlanning" time="6.075" errors="0" timestamp="2023-12-09T10:35:34 IST" skipped="0">
  <testcase classname="StepDefination.MakeMyTripPlanning" name="i_want_to_launch_the_url" time="3.180"/>
  <testcase classname="StepDefination.MakeMyTripPlanning" name="selecting_the_source_and_destination" time="2.895"/>
</testsuite> <!-- StepDefination.MakeMyTripPlanning -->
