<?xml version="1.0" encoding="UTF-8"?>
<!-- Generated by org.testng.reporters.JUnitReportReporter -->
<testsuite hostname="sravs" failures="0" tests="1" name="project2.AddtoCart" time="14.099" errors="0" timestamp="2023-12-13T19:42:46 IST" skipped="0">
  <testcase classname="project2.AddtoCart" name="addToCart" time="14.099"/>
</testsuite> <!-- project2.AddtoCart -->
