<?xml version="1.0" encoding="UTF-8"?>
<!-- Generated by org.testng.reporters.JUnitReportReporter -->
<testsuite hostname="sravs" failures="0" tests="1" name="windowHandling.geWindowHandle" time="19.975" errors="0" timestamp="2023-12-15T00:14:52 IST" skipped="0">
  <testcase classname="windowHandling.geWindowHandle" name="WindowHandle" time="19.975"/>
</testsuite> <!-- windowHandling.geWindowHandle -->
