<?xml version="1.0" encoding="UTF-8"?>
<!-- Generated by org.testng.reporters.JUnitReportReporter -->
<testsuite hostname="sravs" failures="0" tests="4" name="assertions.Assertions" time="0.035" errors="0" timestamp="2024-01-16T23:15:55 IST" skipped="0">
  <testcase classname="assertions.Assertions" name="testExample" time="0.005"/>
  <testcase classname="assertions.Assertions" name="add" time="0.000"/>
  <testcase classname="assertions.Assertions" name="soft" time="0.009"/>
  <testcase classname="assertions.Assertions" name="Assert" time="0.021"/>
</testsuite> <!-- assertions.Assertions -->
