<?xml version="1.0" encoding="UTF-8"?>
<!-- Generated by org.testng.reporters.JUnitReportReporter -->
<testsuite hostname="sravs" failures="0" tests="1" name="practice.hdfc" time="5.868" errors="0" timestamp="2023-12-09T09:46:05 IST" skipped="0">
  <testcase classname="practice.hdfc" name="makeMyTrip" time="5.868"/>
</testsuite> <!-- practice.hdfc -->
